GROUP,PACKAGE,CLASS,INSTRUCTION_MISSED,INSTRUCTION_COVERED,BRANCH_MISSED,BRANCH_COVERED,LINE_MISSED,LINE_COVERED,COMPLEXITY_MISSED,COMPLEXITY_COVERED,METHOD_MISSED,METHOD_COVERED
Spring-MVC,com.model,Employee,96,84,17,9,25,26,17,9,4,9
Spring-MVC,com.Service,EmployeeServiceImpl,0,27,0,0,0,9,0,6,0,6
Spring-MVC,com.restController,EmployeeRestController,27,3,0,0,8,1,5,1,5,1
Spring-MVC,com.DAO,EmployeeDaoImpl,0,42,0,0,0,12,0,6,0,6
Spring-MVC,com.Controller,HomeController,2,3,0,0,1,1,1,1,1,1
Spring-MVC,com.Controller,EmpController,50,3,0,0,14,1,6,1,6,1
